<?xml version="1.0" encoding="UTF-8"?>
<testsuite xmlns:xsi="http://www.w3.org/2001/XMLSchema-instance" xsi:noNamespaceSchemaLocation="https://maven.apache.org/surefire/maven-surefire-plugin/xsd/surefire-test-report.xsd" name="guru.springframework.MoneyTest" time="0" tests="12" errors="0" skipped="0" failures="0">
  <properties>
[...]
</properties>
  <testcase name="testReduceSum" classname="guru.springframework.MoneyTest" time="0"/>
  <testcase name="testSimpleAddition" classname="guru.springframework.MoneyTest" time="0"/>
  <testcase name="testSumTimes" classname="guru.springframework.MoneyTest" time="0"/>
  <testcase name="testMultiplication" classname="guru.springframework.MoneyTest" time="0"/>
  <testcase name="testSumPlusMoney" classname="guru.springframework.MoneyTest" time="0"/>
  <testcase name="testMixedAddition" classname="guru.springframework.MoneyTest" time="0"/>
  <testcase name="testReduceMoney" classname="guru.springframework.MoneyTest" time="0"/>
  <testcase name="testIdentityRate" classname="guru.springframework.MoneyTest" time="0"/>
  <testcase name="testCurrency" classname="guru.springframework.MoneyTest" time="0"/>
  <testcase name="testEquality" classname="guru.springframework.MoneyTest" time="0"/>
  <testcase name="testPlusReturnsSum" classname="guru.springframework.MoneyTest" time="0"/>
  <testcase name="testReduceMoneyDifferentCurrency" classname="guru.springframework.MoneyTest" time="0"/>
</testsuite>